# JRE version: Java(TM) SE Runtime Environment (8.0_131-b11) (build 1.8.0_131-b11)
# Java VM: Java HotSpot(TM) 64-Bit Server VM (25.131-b11 mixed mode windows-amd64 compressed oops)
Heap:
 PSYoungGen      total 603136K, used 383904K [0x00000000d5580000, 0x0000000100000000, 0x0000000100000000)
  eden space 525824K, 58% used [0x00000000d5580000,0x00000000e812af88,0x00000000f5700000)
  from space 77312K, 99% used [0x00000000fb480000,0x00000000fffbd098,0x0000000100000000)
  to   space 86528K, 0% used [0x00000000f5700000,0x00000000f5700000,0x00000000fab80000)
 ParOldGen       total 462336K, used 158769K [0x0000000080000000, 0x000000009c380000, 0x00000000d5580000)
  object space 462336K, 34% used [0x0000000080000000,0x0000000089b0c7e8,0x000000009c380000)
 Metaspace       used 142157K, capacity 147308K, committed 151768K, reserved 1183744K
  class space    used 15476K, capacity 16548K, committed 18176K, reserved 1048576K
GC Heap History (10 events):
Event: 377.586 GC heap before
{Heap before GC invocations=244 (full 6):
 PSYoungGen      total 626176K, used 625807K [0x00000000d5580000, 0x0000000100000000, 0x0000000100000000)
  eden space 566784K, 100% used [0x00000000d5580000,0x00000000f7f00000,0x00000000f7f00000)
  from space 59392K, 99% used [0x00000000f7f00000,0x00000000fb8a3c68,0x00000000fb900000)
  to   space 70656K, 0% used [0x00000000fbb00000,0x00000000fbb00000,0x0000000100000000)
 ParOldGen       total 462336K, used 158547K [0x0000000080000000, 0x000000009c380000, 0x00000000d5580000)
  object space 462336K, 34% used [0x0000000080000000,0x0000000089ad4c88,0x000000009c380000)
 Metaspace       used 141853K, capacity 146926K, committed 151768K, reserved 1183744K
  class space    used 15460K, capacity 16520K, committed 18176K, reserved 1048576K
Event: 377.609 GC heap after
Heap after GC invocations=244 (full 6):
 PSYoungGen      total 624128K, used 53940K [0x00000000d5580000, 0x0000000100000000, 0x0000000100000000)
  eden space 553472K, 0% used [0x00000000d5580000,0x00000000d5580000,0x00000000f7200000)
  from space 70656K, 76% used [0x00000000fbb00000,0x00000000fefad3b0,0x0000000100000000)
  to   space 72704K, 0% used [0x00000000f7200000,0x00000000f7200000,0x00000000fb900000)
 ParOldGen       total 462336K, used 158547K [0x0000000080000000, 0x000000009c380000, 0x00000000d5580000)
  object space 462336K, 34% used [0x0000000080000000,0x0000000089ad4c88,0x000000009c380000)
 Metaspace       used 141853K, capacity 146926K, committed 151768K, reserved 1183744K
  class space    used 15460K, capacity 16520K, committed 18176K, reserved 1048576K
}
Event: 378.816 GC heap before
{Heap before GC invocations=245 (full 6):
 PSYoungGen      total 624128K, used 607412K [0x00000000d5580000, 0x0000000100000000, 0x0000000100000000)
  eden space 553472K, 100% used [0x00000000d5580000,0x00000000f7200000,0x00000000f7200000)
  from space 70656K, 76% used [0x00000000fbb00000,0x00000000fefad3b0,0x0000000100000000)
  to   space 72704K, 0% used [0x00000000f7200000,0x00000000f7200000,0x00000000fb900000)
 ParOldGen       total 462336K, used 158547K [0x0000000080000000, 0x000000009c380000, 0x00000000d5580000)
  object space 462336K, 34% used [0x0000000080000000,0x0000000089ad4c88,0x000000009c380000)
 Metaspace       used 141919K, capacity 147008K, committed 151768K, reserved 1183744K
  class space    used 15461K, capacity 16522K, committed 18176K, reserved 1048576K
Event: 378.826 GC heap after
Heap after GC invocations=245 (full 6):
 PSYoungGen      total 626176K, used 22502K [0x00000000d5580000, 0x0000000100000000, 0x0000000100000000)
  eden space 553472K, 0% used [0x00000000d5580000,0x00000000d5580000,0x00000000f7200000)
  from space 72704K, 30% used [0x00000000f7200000,0x00000000f87f9a98,0x00000000fb900000)
  to   space 72704K, 0% used [0x00000000fb900000,0x00000000fb900000,0x0000000100000000)
 ParOldGen       total 462336K, used 158705K [0x0000000080000000, 0x000000009c380000, 0x00000000d5580000)
  object space 462336K, 34% used [0x0000000080000000,0x0000000089afc7e8,0x000000009c380000)
 Metaspace       used 141919K, capacity 147008K, committed 151768K, reserved 1183744K
  class space    used 15461K, capacity 16522K, committed 18176K, reserved 1048576K
}
Event: 380.080 GC heap before
{Heap before GC invocations=246 (full 6):
 PSYoungGen      total 626176K, used 575974K [0x00000000d5580000, 0x0000000100000000, 0x0000000100000000)
  eden space 553472K, 100% used [0x00000000d5580000,0x00000000f7200000,0x00000000f7200000)
  from space 72704K, 30% used [0x00000000f7200000,0x00000000f87f9a98,0x00000000fb900000)
  to   space 72704K, 0% used [0x00000000fb900000,0x00000000fb900000,0x0000000100000000)
 ParOldGen       total 462336K, used 158705K [0x0000000080000000, 0x000000009c380000, 0x00000000d5580000)
  object space 462336K, 34% used [0x0000000080000000,0x0000000089afc7e8,0x000000009c380000)
 Metaspace       used 141987K, capacity 147090K, committed 151768K, reserved 1183744K
  class space    used 15461K, capacity 16524K, committed 18176K, reserved 1048576K
Event: 380.099 GC heap after
Heap after GC invocations=246 (full 6):
 PSYoungGen      total 625152K, used 47849K [0x00000000d5580000, 0x00000000fff00000, 0x0000000100000000)
  eden space 553472K, 0% used [0x00000000d5580000,0x00000000d5580000,0x00000000f7200000)
  from space 71680K, 66% used [0x00000000fb900000,0x00000000fe7ba6d8,0x00000000fff00000)
  to   space 72192K, 0% used [0x00000000f7200000,0x00000000f7200000,0x00000000fb880000)
 ParOldGen       total 462336K, used 158705K [0x0000000080000000, 0x000000009c380000, 0x00000000d5580000)
  object space 462336K, 34% used [0x0000000080000000,0x0000000089afc7e8,0x000000009c380000)
 Metaspace       used 141987K, capacity 147090K, committed 151768K, reserved 1183744K
  class space    used 15461K, capacity 16524K, committed 18176K, reserved 1048576K
}
Event: 381.500 GC heap before
{Heap before GC invocations=247 (full 6):
 PSYoungGen      total 625152K, used 601321K [0x00000000d5580000, 0x00000000fff00000, 0x0000000100000000)
  eden space 553472K, 100% used [0x00000000d5580000,0x00000000f7200000,0x00000000f7200000)
  from space 71680K, 66% used [0x00000000fb900000,0x00000000fe7ba6d8,0x00000000fff00000)
  to   space 72192K, 0% used [0x00000000f7200000,0x00000000f7200000,0x00000000fb880000)
 ParOldGen       total 462336K, used 158705K [0x0000000080000000, 0x000000009c380000, 0x00000000d5580000)
  object space 462336K, 34% used [0x0000000080000000,0x0000000089afc7e8,0x000000009c380000)
 Metaspace       used 141987K, capacity 147090K, committed 151768K, reserved 1183744K
  class space    used 15461K, capacity 16524K, committed 18176K, reserved 1048576K
Event: 381.533 GC heap after
Heap after GC invocations=247 (full 6):
 PSYoungGen      total 616960K, used 63407K [0x00000000d5580000, 0x0000000100000000, 0x0000000100000000)
  eden space 553472K, 0% used [0x00000000d5580000,0x00000000d5580000,0x00000000f7200000)
  from space 63488K, 99% used [0x00000000f7200000,0x00000000fafebfb0,0x00000000fb000000)
  to   space 77312K, 0% used [0x00000000fb480000,0x00000000fb480000,0x0000000100000000)
 ParOldGen       total 462336K, used 158705K [0x0000000080000000, 0x000000009c380000, 0x00000000d5580000)
  object space 462336K, 34% used [0x0000000080000000,0x0000000089afc7e8,0x000000009c380000)
 Metaspace       used 141987K, capacity 147090K, committed 151768K, reserved 1183744K
  class space    used 15461K, capacity 16524K, committed 18176K, reserved 1048576K
}
Event: 382.384 GC heap before
{Heap before GC invocations=248 (full 6):
 PSYoungGen      total 616960K, used 616879K [0x00000000d5580000, 0x0000000100000000, 0x0000000100000000)
  eden space 553472K, 100% used [0x00000000d5580000,0x00000000f7200000,0x00000000f7200000)
  from space 63488K, 99% used [0x00000000f7200000,0x00000000fafebfb0,0x00000000fb000000)
  to   space 77312K, 0% used [0x00000000fb480000,0x00000000fb480000,0x0000000100000000)
 ParOldGen       total 462336K, used 158705K [0x0000000080000000, 0x000000009c380000, 0x00000000d5580000)
  object space 462336K, 34% used [0x0000000080000000,0x0000000089afc7e8,0x000000009c380000)
 Metaspace       used 142101K, capacity 147236K, committed 151768K, reserved 1183744K
  class space    used 15464K, capacity 16529K, committed 18176K, reserved 1048576K
Event: 382.417 GC heap after
Heap after GC invocations=248 (full 6):
 PSYoungGen      total 603136K, used 77044K [0x00000000d5580000, 0x0000000100000000, 0x0000000100000000)
  eden space 525824K, 0% used [0x00000000d5580000,0x00000000d5580000,0x00000000f5700000)
  from space 77312K, 99% used [0x00000000fb480000,0x00000000fffbd098,0x0000000100000000)
  to   space 86528K, 0% used [0x00000000f5700000,0x00000000f5700000,0x00000000fab80000)
 ParOldGen       total 462336K, used 158769K [0x0000000080000000, 0x000000009c380000, 0x00000000d5580000)
  object space 462336K, 34% used [0x0000000080000000,0x0000000089b0c7e8,0x000000009c380000)
 Metaspace       used 142101K, capacity 147236K, committed 151768K, reserved 1183744K
  class space    used 15464K, capacity 16529K, committed 18176K, reserved 1048576K
}

